-------------------------------------------------------------------------------
Test set: agenda.AgendaTest
-------------------------------------------------------------------------------
Tests run: 1, Failures: 0, Errors: 1, Skipped: 0, Time elapsed: 0.05 s <<< FAILURE! - in agenda.AgendaTest
testMultipleEventsInDay  Time elapsed: 0.02 s  <<< ERROR!
java.lang.UnsupportedOperationException: Pas encore implémenté
	at agenda.AgendaTest.<init>(AgendaTest.java:32)

