<?xml version="1.0" encoding="UTF-8"?>
<testsuite xmlns:xsi="http://www.w3.org/2001/XMLSchema-instance" xsi:noNamespaceSchemaLocation="https://maven.apache.org/surefire/maven-surefire-plugin/xsd/surefire-test-report.xsd" name="agenda.FixedTerminationEventTest" time="0" tests="6" errors="6" skipped="0" failures="0">
  <properties>
[...]
</properties>
  <testcase name="eventIsNotInExceptionDays" classname="agenda.FixedTerminationEventTest" time="0">
    <error message="Pas encore implémenté" type="java.lang.UnsupportedOperationException"><![CDATA[java.lang.UnsupportedOperationException: Pas encore implémenté
	at agenda.FixedTerminationEventTest.<init>(FixedTerminationEventTest.java:26)
]]></error>
  </testcase>
  <testcase name="eventOccurs10WeeksAfter" classname="agenda.FixedTerminationEventTest" time="0">
    <error message="Pas encore implémenté" type="java.lang.UnsupportedOperationException"><![CDATA[java.lang.UnsupportedOperationException: Pas encore implémenté
	at agenda.FixedTerminationEventTest.<init>(FixedTerminationEventTest.java:26)
]]></error>
  </testcase>
  <testcase name="canCalculateTerminationDateFromNumberOfOccurrences" classname="agenda.FixedTerminationEventTest" time="0">
    <error message="Pas encore implémenté" type="java.lang.UnsupportedOperationException"><![CDATA[java.lang.UnsupportedOperationException: Pas encore implémenté
	at agenda.FixedTerminationEventTest.<init>(FixedTerminationEventTest.java:26)
]]></error>
  </testcase>
  <testcase name="canCalculateNumberOfOccurrencesFromTerminationDate" classname="agenda.FixedTerminationEventTest" time="0">
    <error message="Pas encore implémenté" type="java.lang.UnsupportedOperationException"><![CDATA[java.lang.UnsupportedOperationException: Pas encore implémenté
	at agenda.FixedTerminationEventTest.<init>(FixedTerminationEventTest.java:26)
]]></error>
  </testcase>
  <testcase name="eventIsNotInDayBefore" classname="agenda.FixedTerminationEventTest" time="0">
    <error message="Pas encore implémenté" type="java.lang.UnsupportedOperationException"><![CDATA[java.lang.UnsupportedOperationException: Pas encore implémenté
	at agenda.FixedTerminationEventTest.<init>(FixedTerminationEventTest.java:26)
]]></error>
  </testcase>
  <testcase name="eventIsInItsStartDay" classname="agenda.FixedTerminationEventTest" time="0">
    <error message="Pas encore implémenté" type="java.lang.UnsupportedOperationException"><![CDATA[java.lang.UnsupportedOperationException: Pas encore implémenté
	at agenda.FixedTerminationEventTest.<init>(FixedTerminationEventTest.java:26)
]]></error>
  </testcase>
</testsuite>